<?xml version="1.0" encoding="UTF-8"?>
<testsuite xmlns:xsi="http://www.w3.org/2001/XMLSchema-instance" xsi:noNamespaceSchemaLocation="https://maven.apache.org/surefire/maven-surefire-plugin/xsd/surefire-test-report.xsd" name="com.nowcoder.mvn3.AppTest" time="0.046" tests="1" errors="0" skipped="0" failures="0">
  <properties>
    <property name="socksProxyHost" value="127.0.0.1"/>
    <property name="http.proxyHost" value="127.0.0.1"/>
    <property name="java.specification.version" value="18"/>
    <property name="sun.jnu.encoding" value="UTF-8"/>
    <property name="java.class.path" value="/Users/liulihan/Desktop/maven1demo/mvn3/target/test-classes:/Users/liulihan/Desktop/maven1demo/mvn3/target/classes:/Users/liulihan/.m2/repository/junit/junit/4.11/junit-4.11.jar:/Users/liulihan/.m2/repository/org/hamcrest/hamcrest-core/1.3/hamcrest-core-1.3.jar:"/>
    <property name="https.proxyPort" value="8118"/>
    <property name="java.vm.vendor" value="Oracle Corporation"/>
    <property name="sun.arch.data.model" value="64"/>
    <property name="java.vendor.url" value="https://java.oracle.com/"/>
    <property name="os.name" value="Mac OS X"/>
    <property name="java.vm.specification.version" value="18"/>
    <property name="sun.java.launcher" value="SUN_STANDARD"/>
    <property name="user.country" value="CN"/>
    <property name="sun.boot.library.path" value="/Users/liulihan/Library/Java/JavaVirtualMachines/openjdk-18/Contents/Home/lib"/>
    <property name="sun.java.command" value="/Users/liulihan/Desktop/maven1demo/mvn3/target/surefire/surefirebooter14521656539077845890.jar /Users/liulihan/Desktop/maven1demo/mvn3/target/surefire 2022-04-19T15-04-55_515-jvmRun1 surefire1634059628614327630tmp surefire_010777470024365526465tmp"/>
    <property name="http.nonProxyHosts" value="17.0.0.0/8|*.17.0.0.0/8|configuration.apple.com|*.configuration.apple.com|192.168.0.0/16|*.192.168.0.0/16|172.16.0.0/12|*.172.16.0.0/12|guzzoni.apple.com|*.guzzoni.apple.com|captive.apple.com|*.captive.apple.com|push.apple.com|*.push.apple.com|smp-device-content.apple.com|*.smp-device-content.apple.com|127.0.0.1|local|*.local|xp.apple.com|*.xp.apple.com|push-apple.com.akadns.net|*.push-apple.com.akadns.net|100.64.0.0/10|*.100.64.0.0/10|api.smoot.apple.com|*.api.smoot.apple.com|localhost|*.localhost|193.168.0.0/24|*.193.168.0.0/24|10.0.0.0/8|*.10.0.0.0/8|ess.apple.com|*.ess.apple.com"/>
    <property name="jdk.debug" value="release"/>
    <property name="surefire.test.class.path" value="/Users/liulihan/Desktop/maven1demo/mvn3/target/test-classes:/Users/liulihan/Desktop/maven1demo/mvn3/target/classes:/Users/liulihan/.m2/repository/junit/junit/4.11/junit-4.11.jar:/Users/liulihan/.m2/repository/org/hamcrest/hamcrest-core/1.3/hamcrest-core-1.3.jar:"/>
    <property name="sun.cpu.endian" value="little"/>
    <property name="user.home" value="/Users/liulihan"/>
    <property name="user.language" value="en"/>
    <property name="java.specification.vendor" value="Oracle Corporation"/>
    <property name="java.version.date" value="2022-03-22"/>
    <property name="java.home" value="/Users/liulihan/Library/Java/JavaVirtualMachines/openjdk-18/Contents/Home"/>
    <property name="file.separator" value="/"/>
    <property name="https.proxyHost" value="127.0.0.1"/>
    <property name="basedir" value="/Users/liulihan/Desktop/maven1demo/mvn3"/>
    <property name="java.vm.compressedOopsMode" value="Zero based"/>
    <property name="line.separator" value="&#10;"/>
    <property name="java.vm.specification.vendor" value="Oracle Corporation"/>
    <property name="java.specification.name" value="Java Platform API Specification"/>
    <property name="apple.awt.application.name" value="ForkedBooter"/>
    <property name="surefire.real.class.path" value="/Users/liulihan/Desktop/maven1demo/mvn3/target/surefire/surefirebooter14521656539077845890.jar"/>
    <property name="sun.management.compiler" value="HotSpot 64-Bit Tiered Compilers"/>
    <property name="ftp.nonProxyHosts" value="17.0.0.0/8|*.17.0.0.0/8|configuration.apple.com|*.configuration.apple.com|192.168.0.0/16|*.192.168.0.0/16|172.16.0.0/12|*.172.16.0.0/12|guzzoni.apple.com|*.guzzoni.apple.com|captive.apple.com|*.captive.apple.com|push.apple.com|*.push.apple.com|smp-device-content.apple.com|*.smp-device-content.apple.com|127.0.0.1|local|*.local|xp.apple.com|*.xp.apple.com|push-apple.com.akadns.net|*.push-apple.com.akadns.net|100.64.0.0/10|*.100.64.0.0/10|api.smoot.apple.com|*.api.smoot.apple.com|localhost|*.localhost|193.168.0.0/24|*.193.168.0.0/24|10.0.0.0/8|*.10.0.0.0/8|ess.apple.com|*.ess.apple.com"/>
    <property name="java.runtime.version" value="18+36-2087"/>
    <property name="user.name" value="liulihan"/>
    <property name="path.separator" value=":"/>
    <property name="os.version" value="12.3.1"/>
    <property name="java.runtime.name" value="OpenJDK Runtime Environment"/>
    <property name="file.encoding" value="UTF-8"/>
    <property name="java.vm.name" value="OpenJDK 64-Bit Server VM"/>
    <property name="localRepository" value="/Users/liulihan/.m2/repository"/>
    <property name="java.vendor.url.bug" value="https://bugreport.java.com/bugreport/"/>
    <property name="java.io.tmpdir" value="/var/folders/v8/j7qqw37j3yl70rj7q0bjxcs80000gn/T/"/>
    <property name="idea.version" value="2022.1"/>
    <property name="java.version" value="18"/>
    <property name="user.dir" value="/Users/liulihan/Desktop/maven1demo/mvn3"/>
    <property name="os.arch" value="x86_64"/>
    <property name="socksProxyPort" value="8119"/>
    <property name="java.vm.specification.name" value="Java Virtual Machine Specification"/>
    <property name="native.encoding" value="UTF-8"/>
    <property name="java.library.path" value="/Users/liulihan/Library/Java/Extensions:/Library/Java/Extensions:/Network/Library/Java/Extensions:/System/Library/Java/Extensions:/usr/lib/java:."/>
    <property name="java.vm.info" value="mixed mode, sharing"/>
    <property name="java.vendor" value="Oracle Corporation"/>
    <property name="java.vm.version" value="18+36-2087"/>
    <property name="sun.io.unicode.encoding" value="UnicodeBig"/>
    <property name="socksNonProxyHosts" value="17.0.0.0/8|*.17.0.0.0/8|configuration.apple.com|*.configuration.apple.com|192.168.0.0/16|*.192.168.0.0/16|172.16.0.0/12|*.172.16.0.0/12|guzzoni.apple.com|*.guzzoni.apple.com|captive.apple.com|*.captive.apple.com|push.apple.com|*.push.apple.com|smp-device-content.apple.com|*.smp-device-content.apple.com|127.0.0.1|local|*.local|xp.apple.com|*.xp.apple.com|push-apple.com.akadns.net|*.push-apple.com.akadns.net|100.64.0.0/10|*.100.64.0.0/10|api.smoot.apple.com|*.api.smoot.apple.com|localhost|*.localhost|193.168.0.0/24|*.193.168.0.0/24|10.0.0.0/8|*.10.0.0.0/8|ess.apple.com|*.ess.apple.com"/>
    <property name="java.class.version" value="62.0"/>
    <property name="http.proxyPort" value="8118"/>
  </properties>
  <testcase name="shouldAnswerWithTrue" classname="com.nowcoder.mvn3.AppTest" time="0.005"/>
</testsuite>